This is pdfTeX, Version 3.141592653-2.6-1.40.24 (TeX Live 2022) (preloaded format=pdflatex 2022.7.1)  19 AUG 2025 20:40
entering extended mode
 restricted \write18 enabled.
 %&-line parsing enabled.
**Documentation.tex
(./Documentation.tex
LaTeX2e <2021-11-15> patch level 1
L3 programming layer <2022-02-24> (./i-studis.cls
Document Class: i-studis 2005/09/23 v4.11 Springer Verlag global LaTeX2e suppor
t for monographs
(/usr/local/texlive/2022/texmf-dist/tex/latex/url/url.sty
\Urlmuskip=\muskip16
Package: url 2013/09/16  ver 3.4  Verb mode for urls, etc.
)
Class Springer-SVMono Info: extra/valid Springer sub-package 
(Springer-SVMono)           not found in option list - using "global" style.

(/usr/local/texlive/2022/texmf-dist/tex/latex/base/article.cls
Document Class: article 2021/10/04 v1.4n Standard LaTeX document class
(/usr/local/texlive/2022/texmf-dist/tex/latex/base/size12.clo
File: size12.clo 2021/10/04 v1.4n Standard LaTeX file (size option)
)
\c@part=\count185
\c@section=\count186
\c@subsection=\count187
\c@subsubsection=\count188
\c@paragraph=\count189
\c@subparagraph=\count190
\c@figure=\count191
\c@table=\count192
\abovecaptionskip=\skip47
\belowcaptionskip=\skip48
\bibindent=\dimen138
)
\betweenumberspace=\dimen139
\headlineindent=\dimen140
\c@chapter=\count193
\chapstarthookwidth=\dimen141
\svitemindent=\dimen142
\verbatimindent=\dimen143
LaTeX Font Info:    Redeclaring math symbol \Gamma on input line 735.
LaTeX Font Info:    Redeclaring math symbol \Delta on input line 736.
LaTeX Font Info:    Redeclaring math symbol \Theta on input line 737.
LaTeX Font Info:    Redeclaring math symbol \Lambda on input line 738.
LaTeX Font Info:    Redeclaring math symbol \Xi on input line 739.
LaTeX Font Info:    Redeclaring math symbol \Pi on input line 740.
LaTeX Font Info:    Redeclaring math symbol \Sigma on input line 741.
LaTeX Font Info:    Redeclaring math symbol \Upsilon on input line 742.
LaTeX Font Info:    Redeclaring math symbol \Phi on input line 743.
LaTeX Font Info:    Redeclaring math symbol \Psi on input line 744.
LaTeX Font Info:    Redeclaring math symbol \Omega on input line 745.
\tocchpnum=\dimen144
\tocsecnum=\dimen145
\tocsectotal=\dimen146
\tocsubsecnum=\dimen147
\tocsubsectotal=\dimen148
\tocsubsubsecnum=\dimen149
\tocsubsubsectotal=\dimen150
\tocparanum=\dimen151
\tocparatotal=\dimen152
\tocsubparanum=\dimen153
\foot@parindent=\dimen154
\spthmsep=\dimen155
\c@theorem=\count194
\c@prob=\count195
\instindent=\dimen156
\figgap=\dimen157
\figcapgap=\dimen158
\tabcapgap=\dimen159
\c@merk=\count196
)
(/usr/local/texlive/2022/texmf-dist/tex/latex/base/inputenc.sty
Package: inputenc 2021/02/14 v1.3d Input encoding file
\inpenc@prehook=\toks16
\inpenc@posthook=\toks17
)
(/usr/local/texlive/2022/texmf-dist/tex/latex/geometry/geometry.sty
Package: geometry 2020/01/02 v5.9 Page Geometry

(/usr/local/texlive/2022/texmf-dist/tex/latex/graphics/keyval.sty
Package: keyval 2014/10/28 v1.15 key=value parser (DPC)
\KV@toks@=\toks18
)
(/usr/local/texlive/2022/texmf-dist/tex/generic/iftex/ifvtex.sty
Package: ifvtex 2019/10/25 v1.7 ifvtex legacy package. Use iftex instead.

(/usr/local/texlive/2022/texmf-dist/tex/generic/iftex/iftex.sty
Package: iftex 2022/02/03 v1.0f TeX engine tests
))
\Gm@cnth=\count197
\Gm@cntv=\count198
\c@Gm@tempcnt=\count199
\Gm@bindingoffset=\dimen160
\Gm@wd@mp=\dimen161
\Gm@odd@mp=\dimen162
\Gm@even@mp=\dimen163
\Gm@layoutwidth=\dimen164
\Gm@layoutheight=\dimen165
\Gm@layouthoffset=\dimen166
\Gm@layoutvoffset=\dimen167
\Gm@dimlist=\toks19
)
(/usr/local/texlive/2022/texmf-dist/tex/generic/babel/babel.sty
Package: babel 2022/02/26 3.73 The Babel package
\babel@savecnt=\count266
\U@D=\dimen168
\l@unhyphenated=\language87

(/usr/local/texlive/2022/texmf-dist/tex/generic/babel/txtbabel.def)
\bbl@readstream=\read2
\bbl@dirlevel=\count267

(/usr/local/texlive/2022/texmf-dist/tex/generic/babel-english/english.ldf
Language: english 2017/06/06 v3.3r English support from the babel system
Package babel Info: Hyphen rules for 'canadian' set to \l@english
(babel)             (\language0). Reported on input line 102.
Package babel Info: Hyphen rules for 'australian' set to \l@ukenglish
(babel)             (\language21). Reported on input line 105.
Package babel Info: Hyphen rules for 'newzealand' set to \l@ukenglish
(babel)             (\language21). Reported on input line 108.
)
(/usr/local/texlive/2022/texmf-dist/tex/generic/babel-german/ngerman.ldf
Language: ngerman 2021/02/27 v2.13 German support for babel (post-1996 orthogra
phy)

(/usr/local/texlive/2022/texmf-dist/tex/generic/babel-german/ngermanb.ldf
Language: ngermanb 2021/02/27 v2.13 German support for babel (post-1996 orthogr
aphy)
Package babel Info: Making " an active character on input line 122.
)))
(/usr/local/texlive/2022/texmf-dist/tex/latex/graphics/graphicx.sty
Package: graphicx 2021/09/16 v1.2d Enhanced LaTeX Graphics (DPC,SPQR)

(/usr/local/texlive/2022/texmf-dist/tex/latex/graphics/graphics.sty
Package: graphics 2021/03/04 v1.4d Standard LaTeX Graphics (DPC,SPQR)

(/usr/local/texlive/2022/texmf-dist/tex/latex/graphics/trig.sty
Package: trig 2021/08/11 v1.11 sin cos tan (DPC)
)
(/usr/local/texlive/2022/texmf-dist/tex/latex/graphics-cfg/graphics.cfg
File: graphics.cfg 2016/06/04 v1.11 sample graphics configuration
)
Package graphics Info: Driver file: pdftex.def on input line 107.

(/usr/local/texlive/2022/texmf-dist/tex/latex/graphics-def/pdftex.def
File: pdftex.def 2020/10/05 v1.2a Graphics/color driver for pdftex
))
\Gin@req@height=\dimen169
\Gin@req@width=\dimen170
)
(/usr/local/texlive/2022/texmf-dist/tex/latex/epstopdf-pkg/epstopdf.sty
Package: epstopdf 2020-01-24 v2.11 Conversion with epstopdf on the fly (HO)

(/usr/local/texlive/2022/texmf-dist/tex/generic/infwarerr/infwarerr.sty
Package: infwarerr 2019/12/03 v1.5 Providing info/warning/error messages (HO)
)
(/usr/local/texlive/2022/texmf-dist/tex/latex/grfext/grfext.sty
Package: grfext 2019/12/03 v1.3 Manage graphics extensions (HO)

(/usr/local/texlive/2022/texmf-dist/tex/generic/kvdefinekeys/kvdefinekeys.sty
Package: kvdefinekeys 2019-12-19 v1.6 Define keys (HO)
)) (/usr/local/texlive/2022/texmf-dist/tex/latex/kvoptions/kvoptions.sty
Package: kvoptions 2020-10-07 v3.14 Key value format for package options (HO)

(/usr/local/texlive/2022/texmf-dist/tex/generic/ltxcmds/ltxcmds.sty
Package: ltxcmds 2020-05-10 v1.25 LaTeX kernel commands for general use (HO)
)
(/usr/local/texlive/2022/texmf-dist/tex/generic/kvsetkeys/kvsetkeys.sty
Package: kvsetkeys 2019/12/15 v1.18 Key value parser (HO)
))
(/usr/local/texlive/2022/texmf-dist/tex/generic/pdftexcmds/pdftexcmds.sty
Package: pdftexcmds 2020-06-27 v0.33 Utility functions of pdfTeX for LuaTeX (HO
)
Package pdftexcmds Info: \pdf@primitive is available.
Package pdftexcmds Info: \pdf@ifprimitive is available.
Package pdftexcmds Info: \pdfdraftmode found.
)
(/usr/local/texlive/2022/texmf-dist/tex/latex/epstopdf-pkg/epstopdf-base.sty
Package: epstopdf-base 2020-01-24 v2.11 Base part for package epstopdf
Package epstopdf-base Info: Redefining graphics rule for `.eps' on input line 4
85.
Package grfext Info: Graphics extension search list:
(grfext)             [.pdf,.png,.jpg,.mps,.jpeg,.jbig2,.jb2,.PDF,.PNG,.JPG,.JPE
G,.JBIG2,.JB2,.eps]
(grfext)             \AppendGraphicsExtensions on input line 504.

(/usr/local/texlive/2022/texmf-dist/tex/latex/latexconfig/epstopdf-sys.cfg
File: epstopdf-sys.cfg 2010/07/13 v1.3 Configuration of (r)epstopdf for TeX Liv
e
)))
(/usr/local/texlive/2022/texmf-dist/tex/latex/listings/listings.sty
\lst@mode=\count268
\lst@gtempboxa=\box50
\lst@token=\toks20
\lst@length=\count269
\lst@currlwidth=\dimen171
\lst@column=\count270
\lst@pos=\count271
\lst@lostspace=\dimen172
\lst@width=\dimen173
\lst@newlines=\count272
\lst@lineno=\count273
\lst@maxwidth=\dimen174

(/usr/local/texlive/2022/texmf-dist/tex/latex/listings/lstmisc.sty
File: lstmisc.sty 2020/03/24 1.8d (Carsten Heinz)
\c@lstnumber=\count274
\lst@skipnumbers=\count275
\lst@framebox=\box51
)
(/usr/local/texlive/2022/texmf-dist/tex/latex/listings/listings.cfg
File: listings.cfg 2020/03/24 1.8d listings configuration
))
Package: listings 2020/03/24 1.8d (Carsten Heinz)

(/usr/local/texlive/2022/texmf-dist/tex/latex/titlesec/titlesec.sty
Package: titlesec 2021/07/05 v2.14 Sectioning titles
\ttl@box=\box52
\beforetitleunit=\skip49
\aftertitleunit=\skip50
\ttl@plus=\dimen175
\ttl@minus=\dimen176
\ttl@toksa=\toks21
\titlewidth=\dimen177
\titlewidthlast=\dimen178
\titlewidthfirst=\dimen179
)
(/usr/local/texlive/2022/texmf-dist/tex/latex/algorithm2e/algorithm2e.sty
Package: algorithm2e 2017/07/18 v5.2 algorithms environments
\c@AlgoLine=\count276

(/usr/local/texlive/2022/texmf-dist/tex/latex/base/ifthen.sty
Package: ifthen 2020/11/24 v1.1c Standard LaTeX ifthen package (DPC)
)
\algocf@hangindent=\skip51

(/usr/local/texlive/2022/texmf-dist/tex/latex/ifoddpage/ifoddpage.sty
Package: ifoddpage 2016/04/23 v1.1 Conditionals for odd/even page detection
\c@checkoddpage=\count277
)
(/usr/local/texlive/2022/texmf-dist/tex/latex/tools/xspace.sty
Package: xspace 2014/10/28 v1.13 Space after command names (DPC,MH)
)
(/usr/local/texlive/2022/texmf-dist/tex/latex/relsize/relsize.sty
Package: relsize 2013/03/29 ver 4.1
)
\skiptotal=\skip52
\skiplinenumber=\skip53
\skiprule=\skip54
\skiphlne=\skip55
\skiptext=\skip56
\skiplength=\skip57
\algomargin=\skip58
\skipalgocfslide=\skip59
\algowidth=\dimen180
\inoutsize=\dimen181
\inoutindent=\dimen182
\interspacetitleruled=\dimen183
\interspacealgoruled=\dimen184
\interspacetitleboxruled=\dimen185
\algocf@ruledwidth=\skip60
\algocf@inoutbox=\box53
\algocf@inputbox=\box54
\AlCapSkip=\skip61
\AlCapHSkip=\skip62
\algoskipindent=\skip63
\algocf@nlbox=\box55
\algocf@hangingbox=\box56
\algocf@untilbox=\box57
\algocf@skipuntil=\skip64
\algocf@capbox=\box58
\algocf@lcaptionbox=\skip65
\algoheightruledefault=\skip66
\algoheightrule=\skip67
\algotitleheightruledefault=\skip68
\algotitleheightrule=\skip69
\c@algocfline=\count278
\c@algocfproc=\count279
\c@algocf=\count280
\algocf@algoframe=\box59
\algocf@algobox=\box60
)
(/usr/local/texlive/2022/texmf-dist/tex/latex/amsfonts/amssymb.sty
Package: amssymb 2013/01/14 v3.01 AMS font symbols

(/usr/local/texlive/2022/texmf-dist/tex/latex/amsfonts/amsfonts.sty
Package: amsfonts 2013/01/14 v3.01 Basic AMSFonts support
\@emptytoks=\toks22
\symAMSa=\mathgroup4
\symAMSb=\mathgroup5
LaTeX Font Info:    Redeclaring math symbol \hbar on input line 98.
LaTeX Font Info:    Overwriting math alphabet `\mathfrak' in version `bold'
(Font)                  U/euf/m/n --> U/euf/b/n on input line 106.
))
(/usr/local/texlive/2022/texmf-dist/tex/latex/amsmath/amstext.sty
Package: amstext 2021/08/26 v2.01 AMS text

(/usr/local/texlive/2022/texmf-dist/tex/latex/amsmath/amsgen.sty
File: amsgen.sty 1999/11/30 v2.0 generic functions
\@emptytoks=\toks23
\ex@=\dimen186
))
(/usr/local/texlive/2022/texmf-dist/tex/latex/amsmath/amsmath.sty
Package: amsmath 2021/10/15 v2.17l AMS math features
\@mathmargin=\skip70

For additional information on amsmath, use the `?' option.
(/usr/local/texlive/2022/texmf-dist/tex/latex/amsmath/amsbsy.sty
Package: amsbsy 1999/11/29 v1.2d Bold Symbols
\pmbraise@=\dimen187
)
(/usr/local/texlive/2022/texmf-dist/tex/latex/amsmath/amsopn.sty
Package: amsopn 2021/08/26 v2.02 operator names
)
\inf@bad=\count281
LaTeX Info: Redefining \frac on input line 234.
\uproot@=\count282
\leftroot@=\count283
LaTeX Info: Redefining \overline on input line 399.
\classnum@=\count284
\DOTSCASE@=\count285
LaTeX Info: Redefining \ldots on input line 496.
LaTeX Info: Redefining \dots on input line 499.
LaTeX Info: Redefining \cdots on input line 620.
\Mathstrutbox@=\box61
\strutbox@=\box62
\big@size=\dimen188
LaTeX Font Info:    Redeclaring font encoding OML on input line 743.
LaTeX Font Info:    Redeclaring font encoding OMS on input line 744.
\macc@depth=\count286
\c@MaxMatrixCols=\count287
\dotsspace@=\muskip17
\c@parentequation=\count288
\dspbrk@lvl=\count289
\tag@help=\toks24
\row@=\count290
\column@=\count291
\maxfields@=\count292
\andhelp@=\toks25
\eqnshift@=\dimen189
\alignsep@=\dimen190
\tagshift@=\dimen191
\tagwidth@=\dimen192
\totwidth@=\dimen193
\lineht@=\dimen194
\@envbody=\toks26
\multlinegap=\skip71
\multlinetaggap=\skip72
\mathdisplay@stack=\toks27
LaTeX Info: Redefining \[ on input line 2938.
LaTeX Info: Redefining \] on input line 2939.
)
(/usr/local/texlive/2022/texmf-dist/tex/latex/tools/array.sty
Package: array 2021/10/04 v2.5f Tabular extension package (FMi)
\col@sep=\dimen195
\ar@mcellbox=\box63
\extrarowheight=\dimen196
\NC@list=\toks28
\extratabsurround=\skip73
\backup@length=\skip74
\ar@cellbox=\box64
)
(/usr/local/texlive/2022/texmf-dist/tex/latex/caption/caption.sty
Package: caption 2022/03/01 v3.6b Customizing captions (AR)

(/usr/local/texlive/2022/texmf-dist/tex/latex/caption/caption3.sty
Package: caption3 2022/03/17 v2.3b caption3 kernel (AR)
\caption@tempdima=\dimen197
\captionmargin=\dimen198
\caption@leftmargin=\dimen199
\caption@rightmargin=\dimen256
\caption@width=\dimen257
\caption@indent=\dimen258
\caption@parindent=\dimen259
\caption@hangindent=\dimen260
Package caption Info: Unknown document class (or package),
(caption)             standard defaults will be used.
Package caption Info: \@makecaption = \long macro:#1#2->\captionstyle \ifx \@ca
ptype \fig@type \vskip \figcapgap \fi \setbox \@tempboxa \hbox {{\floatlegendst
yle #1\floatcounterend }\capstrut #2}\ifdim \wd \@tempboxa >\hsize {\floatlegen
dstyle #1\floatcounterend }\capstrut #2\par \else \hbox to\hsize {\leftlegendgl
ue \unhbox \@tempboxa \hfil }\fi \ifx \@captype \fig@type \else \vskip \tabcapg
ap \fi  on input line 1176.
)

Package caption Warning: Unknown document class (or package),
(caption)                standard defaults will be used.
See the caption package documentation for explanation.

\c@caption@flags=\count293
\c@continuedfloat=\count294
Package caption Info: listings package is loaded.
) (/usr/local/texlive/2022/texmf-dist/tex/latex/graphics/color.sty
Package: color 2021/12/07 v1.3c Standard LaTeX Color (DPC)

(/usr/local/texlive/2022/texmf-dist/tex/latex/graphics-cfg/color.cfg
File: color.cfg 2016/01/02 v1.6 sample color configuration
)
Package color Info: Driver file: pdftex.def on input line 149.

(/usr/local/texlive/2022/texmf-dist/tex/latex/graphics/dvipsnam.def
File: dvipsnam.def 2016/06/17 v3.0m Driver-dependent file (DPC,SPQR)
))
(/usr/local/texlive/2022/texmf-dist/tex/latex/hyperref/hyperref.sty
Package: hyperref 2022-02-21 v7.00n Hypertext links for LaTeX

(/usr/local/texlive/2022/texmf-dist/tex/generic/pdfescape/pdfescape.sty
Package: pdfescape 2019/12/09 v1.15 Implements pdfTeX's escape features (HO)
)
(/usr/local/texlive/2022/texmf-dist/tex/latex/hycolor/hycolor.sty
Package: hycolor 2020-01-27 v1.10 Color options for hyperref/bookmark (HO)
)
(/usr/local/texlive/2022/texmf-dist/tex/latex/letltxmacro/letltxmacro.sty
Package: letltxmacro 2019/12/03 v1.6 Let assignment for LaTeX macros (HO)
)
(/usr/local/texlive/2022/texmf-dist/tex/latex/auxhook/auxhook.sty
Package: auxhook 2019-12-17 v1.6 Hooks for auxiliary files (HO)
)
\@linkdim=\dimen261
\Hy@linkcounter=\count295
\Hy@pagecounter=\count296

(/usr/local/texlive/2022/texmf-dist/tex/latex/hyperref/pd1enc.def
File: pd1enc.def 2022-02-21 v7.00n Hyperref: PDFDocEncoding definition (HO)
Now handling font encoding PD1 ...
... no UTF-8 mapping file for font encoding PD1
)
(/usr/local/texlive/2022/texmf-dist/tex/generic/intcalc/intcalc.sty
Package: intcalc 2019/12/15 v1.3 Expandable calculations with integers (HO)
)
(/usr/local/texlive/2022/texmf-dist/tex/generic/etexcmds/etexcmds.sty
Package: etexcmds 2019/12/15 v1.7 Avoid name clashes with e-TeX commands (HO)
)
\Hy@SavedSpaceFactor=\count297

(/usr/local/texlive/2022/texmf-dist/tex/latex/hyperref/puenc.def
File: puenc.def 2022-02-21 v7.00n Hyperref: PDF Unicode definition (HO)
Now handling font encoding PU ...
... no UTF-8 mapping file for font encoding PU
)
Package hyperref Info: Option `plainpages' set `false' on input line 4018.
Package hyperref Info: Hyper figures OFF on input line 4137.
Package hyperref Info: Link nesting OFF on input line 4142.
Package hyperref Info: Hyper index ON on input line 4145.
Package hyperref Info: Plain pages OFF on input line 4152.
Package hyperref Info: Backreferencing OFF on input line 4157.
Package hyperref Info: Implicit mode ON; LaTeX internals redefined.
Package hyperref Info: Bookmarks ON on input line 4390.
\c@Hy@tempcnt=\count298
LaTeX Info: Redefining \url on input line 4749.
\XeTeXLinkMargin=\dimen262

(/usr/local/texlive/2022/texmf-dist/tex/generic/bitset/bitset.sty
Package: bitset 2019/12/09 v1.3 Handle bit-vector datatype (HO)

(/usr/local/texlive/2022/texmf-dist/tex/generic/bigintcalc/bigintcalc.sty
Package: bigintcalc 2019/12/15 v1.5 Expandable calculations on big integers (HO
)
))
\Fld@menulength=\count299
\Field@Width=\dimen263
\Fld@charsize=\dimen264
Package hyperref Info: Hyper figures OFF on input line 6027.
Package hyperref Info: Link nesting OFF on input line 6032.
Package hyperref Info: Hyper index ON on input line 6035.
Package hyperref Info: backreferencing OFF on input line 6042.
Package hyperref Info: Link coloring OFF on input line 6047.
Package hyperref Info: Link coloring with OCG OFF on input line 6052.
Package hyperref Info: PDF/A mode OFF on input line 6057.
LaTeX Info: Redefining \ref on input line 6097.
LaTeX Info: Redefining \pageref on input line 6101.

(/usr/local/texlive/2022/texmf-dist/tex/latex/base/atbegshi-ltx.sty
Package: atbegshi-ltx 2021/01/10 v1.0c Emulation of the original atbegshi
package with kernel methods
)
\Hy@abspage=\count300
\c@Item=\count301
\c@Hfootnote=\count302
)
Package hyperref Info: Driver: hpdftex.

(/usr/local/texlive/2022/texmf-dist/tex/latex/hyperref/hpdftex.def
File: hpdftex.def 2022-02-21 v7.00n Hyperref driver for pdfTeX

(/usr/local/texlive/2022/texmf-dist/tex/latex/base/atveryend-ltx.sty
Package: atveryend-ltx 2020/08/19 v1.0a Emulation of the original atveryend pac
kage
with kernel methods
)
\Fld@listcount=\count303
\c@bookmark@seq@number=\count304

(/usr/local/texlive/2022/texmf-dist/tex/latex/rerunfilecheck/rerunfilecheck.sty
Package: rerunfilecheck 2019/12/05 v1.9 Rerun checks for auxiliary files (HO)

(/usr/local/texlive/2022/texmf-dist/tex/generic/uniquecounter/uniquecounter.sty
Package: uniquecounter 2019/12/15 v1.4 Provide unlimited unique counter (HO)
)
Package uniquecounter Info: New unique counter `rerunfilecheck' on input line 2
86.
)
\Hy@SectionHShift=\skip75
) (/usr/local/texlive/2022/texmf-dist/tex/latex/base/textcomp.sty
Package: textcomp 2020/02/02 v2.0n Standard LaTeX package
)
(/usr/local/texlive/2022/texmf-dist/tex/latex/germbib/bibgerm.sty
Package: bibgerm 2000/08/18 v0.1 Support for mixed language bibliographies

** Macros for german `BibTeX'ing added to Style Option `german' 20 Apr 1993 **
** idea and languages `german' and `USenglish' implemented by M. Wallmeier **
** Modified for LaTeX 2e and german.sty 2.5b by A. Scherer 1 Nov 1995 **
** Modified for ngerman.sty and babel.sty by H. Harders 21 August 2000 **)
(/usr/local/texlive/2022/texmf-dist/tex/latex/xcolor/xcolor.sty
Package: xcolor 2021/10/31 v2.13 LaTeX color extensions (UK)

(/usr/local/texlive/2022/texmf-dist/tex/latex/graphics-cfg/color.cfg
File: color.cfg 2016/01/02 v1.6 sample color configuration
)
Package xcolor Info: Driver file: pdftex.def on input line 227.
LaTeX Info: Redefining \color on input line 711.
Package xcolor Info: Model `cmy' substituted by `cmy0' on input line 1352.
Package xcolor Info: Model `hsb' substituted by `rgb' on input line 1356.
Package xcolor Info: Model `RGB' extended on input line 1368.
Package xcolor Info: Model `HTML' substituted by `rgb' on input line 1370.
Package xcolor Info: Model `Hsb' substituted by `hsb' on input line 1371.
Package xcolor Info: Model `tHsb' substituted by `hsb' on input line 1372.
Package xcolor Info: Model `HSB' substituted by `hsb' on input line 1373.
Package xcolor Info: Model `Gray' substituted by `gray' on input line 1374.
Package xcolor Info: Model `wave' substituted by `hsb' on input line 1375.
)
(/usr/local/texlive/2022/texmf-dist/tex/latex/placeins/placeins.sty
Package: placeins 2005/04/18  v 2.2
)
(/usr/local/texlive/2022/texmf-dist/tex/latex/float/float.sty
Package: float 2001/11/08 v1.3d Float enhancements (AL)
\c@float@type=\count305
\float@exts=\toks29
\float@box=\box65
\@float@everytoks=\toks30
\@floatcapt=\box66
)
(/usr/local/texlive/2022/texmf-dist/tex/latex/tools/longtable.sty
Package: longtable 2021-09-01 v4.17 Multi-page Table package (DPC)
\LTleft=\skip76
\LTright=\skip77
\LTpre=\skip78
\LTpost=\skip79
\LTchunksize=\count306
\LTcapwidth=\dimen265
\LT@head=\box67
\LT@firsthead=\box68
\LT@foot=\box69
\LT@lastfoot=\box70
\LT@gbox=\box71
\LT@cols=\count307
\LT@rows=\count308
\c@LT@tables=\count309
\c@LT@chunks=\count310
\LT@p@ftn=\toks31
)
(/usr/local/texlive/2022/texmf-dist/tex/latex/pdflscape/pdflscape.sty
Package: pdflscape 2019/12/05 v0.12 Display of landscape pages in PDF (HO)

(/usr/local/texlive/2022/texmf-dist/tex/latex/graphics/lscape.sty
Package: lscape 2020/05/28 v3.02 Landscape Pages (DPC)
)
Package pdflscape Info: Auto-detected driver: pdftex on input line 81.
)
(/usr/local/texlive/2022/texmf-dist/tex/latex/tools/tabularx.sty
Package: tabularx 2020/01/15 v2.11c `tabularx' package (DPC)
\TX@col@width=\dimen266
\TX@old@table=\dimen267
\TX@old@col=\dimen268
\TX@target=\dimen269
\TX@delta=\dimen270
\TX@cols=\count311
\TX@ftn=\toks32
)
(/usr/local/texlive/2022/texmf-dist/tex/latex/ragged2e/ragged2e.sty
Package: ragged2e 2021/12/15 v3.1 ragged2e Package
\CenteringLeftskip=\skip80
\RaggedLeftLeftskip=\skip81
\RaggedRightLeftskip=\skip82
\CenteringRightskip=\skip83
\RaggedLeftRightskip=\skip84
\RaggedRightRightskip=\skip85
\CenteringParfillskip=\skip86
\RaggedLeftParfillskip=\skip87
\RaggedRightParfillskip=\skip88
\JustifyingParfillskip=\skip89
\CenteringParindent=\skip90
\RaggedLeftParindent=\skip91
\RaggedRightParindent=\skip92
\JustifyingParindent=\skip93
)
\c@frcounter=\count312
\c@nfrcounter=\count313
\c@trcounter=\count314

(/usr/local/texlive/2022/texmf-dist/tex/latex/base/makeidx.sty
Package: makeidx 2021/10/04 v1.0m Standard LaTeX package
)
(/usr/local/texlive/2022/texmf-dist/tex/latex/tools/multicol.sty
Package: multicol 2021/10/28 v1.9b multicolumn formatting (FMi)
\c@tracingmulticols=\count315
\mult@box=\box72
\multicol@leftmargin=\dimen271
\c@unbalance=\count316
\c@collectmore=\count317
\doublecol@number=\count318
\multicoltolerance=\count319
\multicolpretolerance=\count320
\full@width=\dimen272
\page@free=\dimen273
\premulticols=\dimen274
\postmulticols=\dimen275
\multicolsep=\skip94
\multicolbaselineskip=\skip95
\partial@page=\box73
\last@line=\box74
\maxbalancingoverflow=\dimen276
\mult@rightbox=\box75
\mult@grightbox=\box76
\mult@firstbox=\box77
\mult@gfirstbox=\box78
\@tempa=\box79
\@tempa=\box80
\@tempa=\box81
\@tempa=\box82
\@tempa=\box83
\@tempa=\box84
\@tempa=\box85
\@tempa=\box86
\@tempa=\box87
\@tempa=\box88
\@tempa=\box89
\@tempa=\box90
\@tempa=\box91
\@tempa=\box92
\@tempa=\box93
\@tempa=\box94
\@tempa=\box95
\@tempa=\box96
\@tempa=\box97
\@tempa=\box98
\@tempa=\box99
\@tempa=\box100
\@tempa=\box101
\@tempa=\box102
\@tempa=\box103
\@tempa=\box104
\@tempa=\box105
\@tempa=\box106
\@tempa=\box107
\@tempa=\box108
\@tempa=\box109
\@tempa=\box110
\@tempa=\box111
\@tempa=\box112
\@tempa=\box113
\@tempa=\box114
\c@minrows=\count321
\c@columnbadness=\count322
\c@finalcolumnbadness=\count323
\last@try=\dimen277
\multicolovershoot=\dimen278
\multicolundershoot=\dimen279
\mult@nat@firstbox=\box115
\colbreak@box=\box116
\mc@col@check@num=\count324
)
\@indexfile=\write3
\openout3 = `Documentation.idx'.


Writing index file Documentation.idx
(/usr/local/texlive/2022/texmf-dist/tex/latex/l3backend/l3backend-pdftex.def
File: l3backend-pdftex.def 2022-02-07 L3 backend support: PDF output (pdfTeX)
\l__color_backend_stack_int=\count325
\l__pdf_internal_box=\box117
)
(./Documentation.aux (./chapters/Systemanforderungen.aux)
(./chapters/Quellcode.aux) (./chapters/Glossar.aux)
(./chapters/Eigenstaendigkeitserklaerung.aux))
\openout1 = `Documentation.aux'.

LaTeX Font Info:    Checking defaults for OML/cmm/m/it on input line 180.
LaTeX Font Info:    ... okay on input line 180.
LaTeX Font Info:    Checking defaults for OMS/cmsy/m/n on input line 180.
LaTeX Font Info:    ... okay on input line 180.
LaTeX Font Info:    Checking defaults for OT1/cmr/m/n on input line 180.
LaTeX Font Info:    ... okay on input line 180.
LaTeX Font Info:    Checking defaults for T1/cmr/m/n on input line 180.
LaTeX Font Info:    ... okay on input line 180.
LaTeX Font Info:    Checking defaults for TS1/cmr/m/n on input line 180.
LaTeX Font Info:    ... okay on input line 180.
LaTeX Font Info:    Checking defaults for OMX/cmex/m/n on input line 180.
LaTeX Font Info:    ... okay on input line 180.
LaTeX Font Info:    Checking defaults for U/cmr/m/n on input line 180.
LaTeX Font Info:    ... okay on input line 180.
LaTeX Font Info:    Checking defaults for PD1/pdf/m/n on input line 180.
LaTeX Font Info:    ... okay on input line 180.
LaTeX Font Info:    Checking defaults for PU/pdf/m/n on input line 180.
LaTeX Font Info:    ... okay on input line 180.

*geometry* driver: auto-detecting
*geometry* detected driver: pdftex
*geometry* verbose mode - [ preamble ] result:
* driver: pdftex
* paper: a4paper
* layout: <same size as paper>
* layoutoffset:(h,v)=(0.0pt,0.0pt)
* modes: 
* h-part:(L,W,R)=(89.62709pt, 418.25368pt, 89.6271pt)
* v-part:(T,H,B)=(101.40665pt, 591.5302pt, 152.11pt)
* \paperwidth=597.50787pt
* \paperheight=845.04684pt
* \textwidth=418.25368pt
* \textheight=650.68681pt
* \oddsidemargin=17.3571pt
* \evensidemargin=17.3571pt
* \topmargin=5.13666pt
* \headheight=12.0pt
* \headsep=12.0pt
* \topskip=12.0pt
* \footskip=30.0pt
* \marginparwidth=90.0pt
* \marginparsep=10.0pt
* \columnsep=10.0pt
* \skip\footins=10.8pt plus 4.0pt minus 2.0pt
* \hoffset=0.0pt
* \voffset=0.0pt
* \mag=1000
* \@twocolumnfalse
* \@twosidefalse
* \@mparswitchfalse
* \@reversemarginfalse
* (1in=72.27pt=25.4mm, 1cm=28.453pt)

Man spricht deutsch.
(/usr/local/texlive/2022/texmf-dist/tex/context/base/mkii/supp-pdf.mkii
[Loading MPS to PDF converter (version 2006.09.02).]
\scratchcounter=\count326
\scratchdimen=\dimen280
\scratchbox=\box118
\nofMPsegments=\count327
\nofMParguments=\count328
\everyMPshowfont=\toks33
\MPscratchCnt=\count329
\MPscratchDim=\dimen281
\MPnumerator=\count330
\makeMPintoPDFobject=\count331
\everyMPtoPDFconversion=\toks34
)
\c@lstlisting=\count332
Package caption Info: Begin \AtBeginDocument code.
Package caption Info: float package is loaded.
Package caption Info: hyperref package is loaded.
Package caption Info: longtable package is loaded.
 (/usr/local/texlive/2022/texmf-dist/tex/latex/caption/ltcaption.sty
Package: ltcaption 2021/01/08 v1.4c longtable captions (AR)
)
Package caption Info: End \AtBeginDocument code.
Package hyperref Info: Link coloring OFF on input line 180.

(/usr/local/texlive/2022/texmf-dist/tex/latex/hyperref/nameref.sty
Package: nameref 2021-04-02 v2.47 Cross-referencing by name of section

(/usr/local/texlive/2022/texmf-dist/tex/latex/refcount/refcount.sty
Package: refcount 2019/12/15 v3.6 Data extraction from label references (HO)
)
(/usr/local/texlive/2022/texmf-dist/tex/generic/gettitlestring/gettitlestring.s
ty
Package: gettitlestring 2019/12/15 v1.6 Cleanup title references (HO)
)
\c@section@level=\count333
)
LaTeX Info: Redefining \ref on input line 180.
LaTeX Info: Redefining \pageref on input line 180.
LaTeX Info: Redefining \nameref on input line 180.
 (./Documentation.out) (./Documentation.out)
\@outlinefile=\write4
\openout4 = `Documentation.out'.



bibgerm.sty: babel.sty detected



pdfTeX warning: /Library/TeX/texbin/pdflatex (file ./images/logo-fb-informatik.
pdf): PDF inclusion: found PDF version <1.7>, but at most version <1.5> allowed

<images/logo-fb-informatik.pdf, id=397, 811.81792pt x 157.11497pt>
File: images/logo-fb-informatik.pdf Graphic file (type pdf)
<use images/logo-fb-informatik.pdf>
Package pdftex.def Info: images/logo-fb-informatik.pdf  used on input line 200.

(pdftex.def)             Requested size: 209.12683pt x 40.47253pt.
[1

{/usr/local/texlive/2022/texmf-var/fonts/map/pdftex/updmap/pdftex.map} <./image
s/logo-fb-informatik.pdf>] (./chapters/Zusammenfassung.tex
LaTeX Font Info:    Trying to load font information for U+msa on input line 3.

(/usr/local/texlive/2022/texmf-dist/tex/latex/amsfonts/umsa.fd
File: umsa.fd 2013/01/14 v3.01 AMS symbols A
)
LaTeX Font Info:    Trying to load font information for U+msb on input line 3.

(/usr/local/texlive/2022/texmf-dist/tex/latex/amsfonts/umsb.fd
File: umsb.fd 2013/01/14 v3.01 AMS symbols B
)) [2





]
(./chapters/Abstract.tex) [3




] (./Documentation.toc [4


] [5] [6] [7])
\tf@toc=\write5
\openout5 = `Documentation.toc'.

 [8]
(./Documentation.lof [9


])
\tf@lof=\write6
\openout6 = `Documentation.lof'.

 [10] (./Documentation.lot)
\tf@lot=\write7
\openout7 = `Documentation.lot'.

 [11


] (./Documentation.lol
[12


])
\tf@lol=\write8
\openout8 = `Documentation.lol'.

 [13] (./chapters/Einleitung.tex
Kapitel 1.

pdfTeX warning (ext4): destination with the same identifier (name{page.1}) has 
been already used, duplicate ignored
<to be read again> 
                   \relax 
l.21 	\item E
             rmöglichung einer effizienten Verwaltung des Buchbestands durc...
[1




]
Underfull \hbox (badness 2050) in paragraph at lines 22--23
[]\OT1/cmr/m/n/12 Integration mo-der-ner Authentifizierungs- und Au-to-ri-sie-r
ungs-me-cha-nis-men
 []

) (./chapters/VerwandteArbeiten.tex [2]
Kapitel 2.
[3


]
Underfull \hbox (badness 1102) in paragraph at lines 35--36
\OT1/cmr/m/n/12 und Eng-lisch verf[]ugbar, was die Nut-zer-ba-sis deut-lich er-
wei-tert und die
 []

[4]) (./chapters/Grundlagen.tex [5]
Kapitel 3.
[6


]
Underfull \hbox (badness 1552) in paragraph at lines 37--38
\OT1/cmr/m/n/12 bil-dung zwi-schen Ob-jek-ten und re-la-tio-na-len Da-ten-ban-k
en erm[]oglicht, JPA
 []


Underfull \hbox (badness 1755) in paragraph at lines 37--38
\OT1/cmr/m/n/12 un-terst[]utzt, kom-ple-xe Ab-fra-gen, Trans-ak-tio-nen, Ca-chi
ng und Performance-
 []

[7] [8] [9] [10] [11] [12] [13]) (./chapters/Konzept.tex [14]
Kapitel 4.
<Images/SpringAndReact.png, id=820, 890.32625pt x 185.69376pt>
File: Images/SpringAndReact.png Graphic file (type png)
<use Images/SpringAndReact.png>
Package pdftex.def Info: Images/SpringAndReact.png  used on input line 12.
(pdftex.def)             Requested size: 376.42575pt x 78.50935pt.
[15


 <./Images/SpringAndReact.png>]
<images/ClassDiagram.png, id=828, 997.7275pt x 510.90875pt>
File: images/ClassDiagram.png Graphic file (type png)
<use images/ClassDiagram.png>
Package pdftex.def Info: images/ClassDiagram.png  used on input line 38.
(pdftex.def)             Requested size: 418.25368pt x 214.17482pt.
 [16] [17 <./images/ClassDiagram.png>]
<images/SequenceDiagram.jpg, id=839, 861.2175pt x 452.69125pt>
File: images/SequenceDiagram.jpg Graphic file (type jpg)
<use images/SequenceDiagram.jpg>
Package pdftex.def Info: images/SequenceDiagram.jpg  used on input line 59.
(pdftex.def)             Requested size: 418.25368pt x 219.852pt.

[18 <./images/SequenceDiagram.jpg>]
<images/SequenceDiagram-Stripe.png, id=849, 600.2425pt x 344.28625pt>
File: images/SequenceDiagram-Stripe.png Graphic file (type png)
<use images/SequenceDiagram-Stripe.png>
Package pdftex.def Info: images/SequenceDiagram-Stripe.png  used on input line 
74.
(pdftex.def)             Requested size: 418.25368pt x 239.90602pt.
 [19 <./images/SequenceDiagram-Stripe.png>]
[20]
Underfull \hbox (badness 1107) in paragraph at lines 115--116
[]\OT1/cmr/bx/n/12 Sicherheit: \OT1/cmr/m/n/12 Si-che-re Kom-mu-ni-ka-ti-on []u
ber HTT-PS, Schutz durch g[]ultige
 []

[21]
Underfull \hbox (badness 6300) in paragraph at lines 131--132
[]\OT1/cmr/bx/n/12 Entwicklung und Qua-lit[]atssicherung: \OT1/cmr/m/n/12 Nut-z
ung von Spring Da-ta
 []

Package hyperref Info: bookmark level for unknown lstlisting defaults to 0 on i
nput line 144.
[22]) (./chapters/Realisierung.tex [23]
Kapitel 5.

Underfull \hbox (badness 4266) in paragraph at lines 11--12
\OT1/cmr/m/n/12 Spring Boot ver-ein-facht die Ent-wick-lung von Java-basierten 
We-ban-wen-
 []


Underfull \hbox (badness 7291) in paragraph at lines 11--12
\OT1/cmr/m/n/12 dun-gen durch kon-ven-ti-ons-ba-sier-te und au-to-ma-ti-sier-te
 Pro-jekt-kon-fi-gu-ra-ti-
 []


Underfull \hbox (badness 2717) in paragraph at lines 11--12
\OT1/cmr/m/n/12 on. Die-ses Fra-me-work bie-tet ei-ne stan-dar-di-sier-te Struk
-tur, au-to-ma-ti-sches
 []

[24


] (/usr/local/texlive/2022/texmf-dist/tex/latex/listings/lstlang1.sty
File: lstlang1.sty 2020/03/24 1.8d listings language file
)
LaTeX Font Info:    Font shape `OT1/cmtt/bx/n' in size <12> not available
(Font)              Font shape `OT1/cmtt/m/n' tried instead on input line 46.

Underfull \hbox (badness 10000) in paragraph at lines 46--47
[]\OT1/cmr/bx/n/12 Konfiguration []uber \OT1/cmtt/m/n/12 application.properties
\OT1/cmr/bx/n/12 : \OT1/cmr/m/n/12 Die Da-tei
 []


Underfull \hbox (badness 10000) in paragraph at lines 46--47
\OT1/cmtt/m/n/12 application.properties \OT1/cmr/m/n/12 im Ver-zeich-nis \OT1/c
mtt/m/n/12 src/main/resources \OT1/cmr/m/n/12 enth[]alt
 []

[25]
<images/backend_structure.png, id=939, 891.33pt x 413.545pt>
File: images/backend_structure.png Graphic file (type png)
<use images/backend_structure.png>
Package pdftex.def Info: images/backend_structure.png  used on input line 83.
(pdftex.def)             Requested size: 414.07343pt x 192.11343pt.
 [26] [27 <./images/backend_structure.png>] [28]
(/usr/local/texlive/2022/texmf-dist/tex/latex/listings/lstlang1.sty
File: lstlang1.sty 2020/03/24 1.8d listings language file
)
(/usr/local/texlive/2022/texmf-dist/tex/latex/listings/lstlang1.sty
File: lstlang1.sty 2020/03/24 1.8d listings language file
) [29]
Underfull \hbox (badness 1533) in paragraph at lines 177--178
[]\OT1/cmr/m/n/12 Die Da-tei \OT1/cmtt/m/n/12 index.tsx \OT1/cmr/m/n/12 dient a
ls zen-tra-les Ein-stiegs-skript f[]ur die React-
 []


Underfull \hbox (badness 10000) in paragraph at lines 177--178
\OT1/cmr/m/n/12 Anwendung. Sie im-por-tiert zun[]achst al-le not-wen-di-gen Mo-
du-le und
 []

[30]
<images/frontend_structure.png, id=1005, 771.88374pt x 565.11125pt>
File: images/frontend_structure.png Graphic file (type png)
<use images/frontend_structure.png>
Package pdftex.def Info: images/frontend_structure.png  used on input line 202.

(pdftex.def)             Requested size: 376.42575pt x 275.58763pt.
 [31 <./images/frontend_structure.png>]
Underfull \hbox (badness 10000) in paragraph at lines 231--234
[]\OT1/cmr/bx/n/12 access: \OT1/cmr/m/n/12 Bein-hal-tet die In-te-gra-ti-on und
 Steue-rung des Okta-
 []


Underfull \hbox (badness 10000) in paragraph at lines 231--234
\OT1/cmr/m/n/12 Authentifizierungswidgets. Die Kom-po-nen-ten \OT1/cmtt/m/n/12 
OktaLoginWidget \OT1/cmr/m/n/12 und
 []


Underfull \hbox (badness 2970) in paragraph at lines 235--238
[]\OT1/cmr/bx/n/12 lib: \OT1/cmr/m/n/12 Enth[]alt die Da-tei \OT1/cmtt/m/n/12 o
ktaConfig.ts\OT1/cmr/m/n/12 , die die Ein-stel-lun-gen f[]ur die
 []

[32]
Underfull \hbox (badness 5490) in paragraph at lines 287--289
\OT1/cmr/m/n/12 Importiert die Haupt-bi-blio-thek \OT1/cmtt/m/n/12 i18next\OT1/
cmr/m/n/12 , die die In-ter-na-tio-na-li-sie-rung
 []

LaTeX Font Info:    Trying to load font information for OMS+cmtt on input line 
290.
LaTeX Font Info:    No file OMScmtt.fd. on input line 290.

LaTeX Font Warning: Font shape `OMS/cmtt/m/n' undefined
(Font)              using `OMS/cmsy/m/n' instead
(Font)              for symbol `textbraceleft' on input line 290.

[33] [34]
Underfull \hbox (badness 6001) in paragraph at lines 354--355
\OT1/cmr/m/n/12 Wie in Lis-ting []5.8[] und Lis-ting []5.9[] zu se-hen, wer-den
 die Schl[]ussel
 []

[35]
LaTeX Font Info:    Trying to load font information for OML+cmtt on input line 
372.
LaTeX Font Info:    No file OMLcmtt.fd. on input line 372.


LaTeX Font Warning: Font shape `OML/cmtt/m/n' undefined
(Font)              using `OML/cmm/m/it' instead
(Font)              for symbol `textless' on input line 372.

<images/DB-Schema.png, id=1077, 1001.7425pt x 867.24pt>
File: images/DB-Schema.png Graphic file (type png)
<use images/DB-Schema.png>
Package pdftex.def Info: images/DB-Schema.png  used on input line 391.
(pdftex.def)             Requested size: 376.42575pt x 325.88908pt.
[36] [37 <./images/DB-Schema.png>] [38]
Underfull \hbox (badness 1184) in paragraph at lines 455--456
\OT1/cmr/m/n/12 Die Klas-se \OT1/cmtt/m/n/12 Payment []\OT1/cmr/m/n/12 5.11[] i
st als JPA-Entity mit der An-no-ta-ti-on \OT1/cmtt/m/n/12 @Entity
 []


Underfull \hbox (badness 1406) in paragraph at lines 455--456
\OT1/cmr/m/n/12 mar-kiert, wo-durch Hi-ber-na-te die Per-sis-tenz die-ser Klas-
se []ubernimmt. Mit
 []


Underfull \hbox (badness 2503) in paragraph at lines 455--456
\OT1/cmr/m/n/12 ter, Set-ter so-wie die Me-tho-den \OT1/cmtt/m/n/12 equals()\OT
1/cmr/m/n/12 , \OT1/cmtt/m/n/12 hashCode() \OT1/cmr/m/n/12 und \OT1/cmtt/m/n/12
 toString()\OT1/cmr/m/n/12 ,
 []


Underfull \hbox (badness 3547) in paragraph at lines 455--456
\OT1/cmr/m/n/12 wo-durch Boilerplate-Code re-du-ziert wird. Das At-tri-but \OT1
/cmtt/m/n/12 id \OT1/cmr/m/n/12 ist mit \OT1/cmtt/m/n/12 @Id
 []


Underfull \hbox (badness 3199) in paragraph at lines 455--456
\OT1/cmr/m/n/12 als Prim[]arschl[]ussel ge-kenn-zeich-net, w[]ahrend \OT1/cmtt/
m/n/12 @GeneratedValue(strategy =
 []


Underfull \hbox (badness 1460) in paragraph at lines 455--456
\OT1/cmtt/m/n/12 userEmail \OT1/cmr/m/n/12 und \OT1/cmtt/m/n/12 amount \OT1/cmr
/m/n/12 sind mit-tels \OT1/cmtt/m/n/12 @Column(name = "...") \OT1/cmr/m/n/12 de
n ent-spre-
 []

[39]) (./chapters/Implementierung.tex [40]
Kapitel 6.
[41


]
Underfull \hbox (badness 10000) in paragraph at lines 58--69

 []

[42]
Overfull \hbox (11.44176pt too wide) in paragraph at lines 88--89
[][][][][][][][][][][][][][][][][][][] 
 []

[43] [44]
LaTeX Font Info:    Trying to load font information for TS1+cmtt on input line 
154.
 (/usr/local/texlive/2022/texmf-dist/tex/latex/base/ts1cmtt.fd
File: ts1cmtt.fd 2019/12/16 v2.5j Standard LaTeX font definitions
)
[45]
Underfull \hbox (badness 2662) in paragraph at lines 185--186
\OT1/cmr/m/n/12 rech-nung des But-tons nur dann neu aus-gef[]uhrt wird, wenn si
ch die
 []


Underfull \hbox (badness 10000) in paragraph at lines 186--187
[]\OT1/cmr/bx/n/12 Zeilen 3--8: \OT1/cmr/m/n/12 Wenn der Be-nut-zer nicht au-th
en-ti-fi-ziert ist
 []


Underfull \hbox (badness 10000) in paragraph at lines 186--187
\OT1/cmr/m/n/12 (\OT1/cmtt/m/n/12 !props.isAuthenticated\OT1/cmr/m/n/12 ), wird
 ein \OT1/cmtt/m/n/12 Link\OT1/cmr/m/n/12 -Element zur Login-Seite
 []


Underfull \hbox (badness 10000) in paragraph at lines 187--188
[]\OT1/cmr/bx/n/12 Zeilen 10--31: \OT1/cmr/m/n/12 Wenn das Buch noch nicht aus-
ge-lie-hen wur-de
 []


Underfull \hbox (badness 2359) in paragraph at lines 187--188
\OT1/cmr/m/n/12 (\OT1/cmtt/m/n/12 !props.isCheckedOut\OT1/cmr/m/n/12 ) und der 
Be-nut-zer noch we-ni-ger als 5 B[]ucher
 []


Underfull \hbox (badness 10000) in paragraph at lines 189--190
[]\OT1/cmr/bx/n/12 Zeilen 12--20: []\OT1/cmr/m/n/12 Uberpr[]uft, ob kei-ne Ex-e
m-pla-re verf[]ugbar sind
 []


Underfull \hbox (badness 10000) in paragraph at lines 189--190
\OT1/cmr/m/n/12 (\OT1/cmtt/m/n/12 !props.book?.copiesInStock || props.book.copi
esInStock <=
 []


Underfull \hbox (badness 10000) in paragraph at lines 190--191
[]\OT1/cmr/bx/n/12 Zeilen 22--31: \OT1/cmr/m/n/12 An-dern-falls wird ein ak-ti-
ver Checkout-Button
 []

[46]
LaTeX Font Info:    Trying to load font information for OMS+cmr on input line 2
00.
 (/usr/local/texlive/2022/texmf-dist/tex/latex/base/omscmr.fd
File: omscmr.fd 2019/12/16 v2.5j Standard LaTeX font definitions
)
LaTeX Font Info:    Font shape `OMS/cmr/m/n' in size <12> not available
(Font)              Font shape `OMS/cmsy/m/n' tried instead on input line 200.

Underfull \hbox (badness 3713) in paragraph at lines 200--201
\OT1/cmr/m/n/12 Dieses \OT1/cmtt/m/n/12 checkoutButton\OT1/cmr/m/n/12 -Konstant
enobjekt wird an-schlie-^^Yend in-ner-halb des
 []


Underfull \hbox (badness 1072) in paragraph at lines 211--212
\OT1/cmr/m/n/12 Die we-sent-li-che Lo-gik f[]ur die R[]uckgabe ei-nes Bu-ches i
st in der Me-tho-de
 []

[47]
Underfull \hbox (badness 2884) in paragraph at lines 234--236
\OT1/cmr/m/n/12 lei-he wird er-stellt, ein-schlie^^Y-lich Bu-ch-in-for-ma-tio-n
en, Aus-leih-da-tum und
 []

[48]
Underfull \hbox (badness 10000) in paragraph at lines 274--275
[]\OT1/cmtt/m/n/12 onClick=() => props.returnBook(props.userLoanSummary.book.id
)\OT1/cmr/m/n/12 :
 []


Underfull \hbox (badness 3375) in paragraph at lines 277--278
[]\OT1/cmtt/m/n/12 t("loanDetails.returnBook")\OT1/cmr/m/n/12 : Holt den lo-ka-
li-sier-ten Text f[]ur []Buch
 []

[49]) (./chapters/Beispiel.tex [50]
Kapitel 7.
<images/UI-screenshots/Header.png, id=1302, 1798.72pt x 89.33376pt>
File: images/UI-screenshots/Header.png Graphic file (type png)
<use images/UI-screenshots/Header.png>
Package pdftex.def Info: images/UI-screenshots/Header.png  used on input line 1
4.
(pdftex.def)             Requested size: 418.25368pt x 20.7726pt.

Underfull \hbox (badness 2409) in paragraph at lines 21--22
\OT1/cmr/bx/n/12 blio-theks-ak-ti-vit[]at \OT1/cmr/m/n/12 (Ein-blick in aus-ge-
lie-he-ne B[]ucher und Aus-leih-his-to-
 []

[51


 <./images/UI-screenshots/Header.png>]
<images/UI-screenshots/Footer.png, id=1310, 1798.72pt x 136.51pt>
File: images/UI-screenshots/Footer.png Graphic file (type png)
<use images/UI-screenshots/Footer.png>
Package pdftex.def Info: images/UI-screenshots/Footer.png  used on input line 3
1.
(pdftex.def)             Requested size: 418.25368pt x 31.7424pt.
<images/UI-screenshots/Carousel_and_BookBrowser.png, id=1312, 1791.69376pt x 97
7.6525pt>
File: images/UI-screenshots/Carousel_and_BookBrowser.png Graphic file (type png
)
<use images/UI-screenshots/Carousel_and_BookBrowser.png>
Package pdftex.def Info: images/UI-screenshots/Carousel_and_BookBrowser.png  us
ed on input line 42.
(pdftex.def)             Requested size: 418.25368pt x 228.21184pt.
 [52 <./images/UI-screenshots/Footer.png>]
<images/UI-screenshots/Search-page.png, id=1319, 1326.9575pt x 719.68875pt>
File: images/UI-screenshots/Search-page.png Graphic file (type png)
<use images/UI-screenshots/Search-page.png>
Package pdftex.def Info: images/UI-screenshots/Search-page.png  used on input l
ine 56.
(pdftex.def)             Requested size: 418.25368pt x 226.84592pt.
 [53 <./images/UI-screenshots/Carousel_and_BookBrowser.png>]
<images/UI-screenshots/Book-Page.png, id=1326, 1322.9425pt x 885.3075pt>
File: images/UI-screenshots/Book-Page.png Graphic file (type png)
<use images/UI-screenshots/Book-Page.png>
Package pdftex.def Info: images/UI-screenshots/Book-Page.png  used on input lin
e 66.
(pdftex.def)             Requested size: 418.25368pt x 279.88649pt.
 [54 <./images/UI-screenshots/Search-page.png>]
<images/UI-screenshots/Loans-Page.png, id=1334, 1302.8675pt x 937.5025pt>
File: images/UI-screenshots/Loans-Page.png Graphic file (type png)
<use images/UI-screenshots/Loans-Page.png>
Package pdftex.def Info: images/UI-screenshots/Loans-Page.png  used on input li
ne 81.
(pdftex.def)             Requested size: 418.25368pt x 300.96536pt.
 [55 <./images/UI-screenshots/Book-Page.png>]
<images/UI-screenshots/Loans-History.png, id=1341, 1241.63875pt x 554.07pt>
File: images/UI-screenshots/Loans-History.png Graphic file (type png)
<use images/UI-screenshots/Loans-History.png>
Package pdftex.def Info: images/UI-screenshots/Loans-History.png  used on input
 line 93.
(pdftex.def)             Requested size: 418.25368pt x 186.6397pt.

[56 <./images/UI-screenshots/Loans-Page.png>]
<images/UI-screenshots/Message-Send.png, id=1348, 607.26875pt x 450.68375pt>
File: images/UI-screenshots/Message-Send.png Graphic file (type png)
<use images/UI-screenshots/Message-Send.png>
Package pdftex.def Info: images/UI-screenshots/Message-Send.png  used on input 
line 105.
(pdftex.def)             Requested size: 376.42575pt x 279.36601pt.
 [57 <./images/UI-screenshots/Loans-History.png>]
<images/UI-screenshots/Messages-History.png, id=1355, 1323.94624pt x 334.24875p
t>
File: images/UI-screenshots/Messages-History.png Graphic file (type png)
<use images/UI-screenshots/Messages-History.png>
Package pdftex.def Info: images/UI-screenshots/Messages-History.png  used on in
put line 114.
(pdftex.def)             Requested size: 418.25368pt x 105.58981pt.
<images/UI-screenshots/Outstanding-payment.png, id=1357, 642.4pt x 246.9225pt>
File: images/UI-screenshots/Outstanding-payment.png Graphic file (type png)
<use images/UI-screenshots/Outstanding-payment.png>
Package pdftex.def Info: images/UI-screenshots/Outstanding-payment.png  used on
 input line 127.
(pdftex.def)             Requested size: 418.25368pt x 160.76898pt.
 [58 <./images/UI-screenshots/Message-Send.png> <./images/UI-screenshots/Messag
es-History.png>]
<images/UI-screenshots/No-Payment.png, id=1365, 665.48625pt x 202.7575pt>
File: images/UI-screenshots/No-Payment.png Graphic file (type png)
<use images/UI-screenshots/No-Payment.png>
Package pdftex.def Info: images/UI-screenshots/No-Payment.png  used on input li
ne 136.
(pdftex.def)             Requested size: 418.25368pt x 127.4347pt.
<images/UI-screenshots/Add-New-Book.png, id=1367, 1309.89375pt x 553.06625pt>
File: images/UI-screenshots/Add-New-Book.png Graphic file (type png)
<use images/UI-screenshots/Add-New-Book.png>
Package pdftex.def Info: images/UI-screenshots/Add-New-Book.png  used on input 
line 149.
(pdftex.def)             Requested size: 418.25368pt x 176.59662pt.
 [59 <./images/UI-screenshots/Outstanding-payment.png> <./images/UI-screenshots
/No-Payment.png>]
<images/UI-screenshots/Manage-Books.png, id=1375, 1298.8525pt x 780.9175pt>
File: images/UI-screenshots/Manage-Books.png Graphic file (type png)
<use images/UI-screenshots/Manage-Books.png>
Package pdftex.def Info: images/UI-screenshots/Manage-Books.png  used on input 
line 160.
(pdftex.def)             Requested size: 418.25368pt x 251.45967pt.
 [60 <./images/UI-screenshots/Add-New-Book.png>]
<images/UI-screenshots/Messages-Responses.png, id=1383, 1311.90125pt x 473.77pt
>
File: images/UI-screenshots/Messages-Responses.png Graphic file (type png)
<use images/UI-screenshots/Messages-Responses.png>
Package pdftex.def Info: images/UI-screenshots/Messages-Responses.png  used on 
input line 170.
(pdftex.def)             Requested size: 418.25368pt x 151.04562pt.
) (./chapters/Anwendungsszenarien.tex [61 <./images/UI-screenshots/Manage-Books
.png> <./images/UI-screenshots/Messages-Responses.png>]
Kapitel 8.
[62


]) (./chapters/ZusammenfassungAusblick.tex [63]
Kapitel 9.
)
Underfull \hbox (badness 3229) in paragraph at lines 7--230
\OT1/cmr/m/n/12 Die Platt-form un-terst[]utzt zu-dem zuk[]unftige Er-wei-te-run
-gen, et-wa Cloud-
 []

[64


] (./Documentation.bbl
Underfull \hbox (badness 10000) in paragraph at lines 5--9
[]$\OT1/cmtt/m/n/12 https : / / developer . ibm . com / articles / an-[]introdu
ction-[]to-[]uml/$[]\OT1/cmr/m/n/12 ,
 []


Underfull \hbox (badness 4429) in paragraph at lines 11--15
[]\OT1/cmr/m/sc/12 Bootstrap Au-t-hors\OT1/cmr/m/n/12 : \OT1/cmr/m/it/12 Get st
ar-ted with Boot-strap\OT1/cmr/m/n/12 .  []$\OT1/cmtt/m/n/12 https :
 []


Underfull \hbox (badness 10000) in paragraph at lines 11--15
\OT1/cmtt/m/n/12 / / getbootstrap . com / docs / 5 . 3 / getting-[]started / in
troduction/$[]\OT1/cmr/m/n/12 ,
 []


Underfull \hbox (badness 3375) in paragraph at lines 17--20
[]\OT1/cmr/m/sc/12 Bratslavsky, Paul\OT1/cmr/m/n/12 : \OT1/cmr/m/it/12 Top 6 Be
-ne-fits of Im-ple-men-ting Ty-pe-S-
 []


Underfull \hbox (badness 1337) in paragraph at lines 17--20
\OT1/cmr/m/it/12 cript\OT1/cmr/m/n/12 .  []$\OT1/cmtt/m/n/12 https : / / strapi
 . io / blog / benefits-[]of-[]typescript$[]\OT1/cmr/m/n/12 , 2025.
 []


Underfull \hbox (badness 10000) in paragraph at lines 27--32
[]\OT1/cmr/m/sc/12 Corporation, Mi-cro-soft\OT1/cmr/m/n/12 : \OT1/cmr/m/it/12 T
y-pe-S-cript for Ja-vaS-cript Pro-
 []


Underfull \hbox (badness 10000) in paragraph at lines 27--32
\OT1/cmr/m/it/12 gram-mers\OT1/cmr/m/n/12 .  []$\OT1/cmtt/m/n/12 https : / / ww
w . typescriptlang . org / docs / handbook /
 []


Underfull \hbox (badness 4518) in paragraph at lines 46--49
[]\OT1/cmr/m/sc/12 Facebook\OT1/cmr/m/n/12 : \OT1/cmr/m/it/12 Crea-te Re-act Ap
p - Get-ting Star-ted\OT1/cmr/m/n/12 .  []$\OT1/cmtt/m/n/12 https : / /
 []

[65




]
Underfull \hbox (badness 3838) in paragraph at lines 62--66
\OT1/cmtt/m/n/12 / / www . thalia . de / vorteile / thalia-[]lesen-[]und-[]hoer
en-[]app$[]\OT1/cmr/m/n/12 , 2025.
 []


Underfull \hbox (badness 10000) in paragraph at lines 73--78
[]\OT1/cmr/m/sc/12 GitHub-Team\OT1/cmr/m/n/12 : \OT1/cmr/m/it/12 About GitHub\O
T1/cmr/m/n/12 .  []$\OT1/cmtt/m/n/12 https : / / docs . github . com /
 []


Underfull \hbox (badness 10000) in paragraph at lines 73--78
\OT1/cmtt/m/n/12 en / get-[]started / start-[]your-[]journey / about-[]github-[
]and-[]git #
 []


Underfull \hbox (badness 1264) in paragraph at lines 103--106
[]\OT1/cmr/m/sc/12 i18next Or-ga-ni-sa-ti-on\OT1/cmr/m/n/12 : \OT1/cmr/m/it/12 
i18next do-cu-men-ta-ti-on\OT1/cmr/m/n/12 .  []$\OT1/cmtt/m/n/12 https : / / ww
w .
 []


Underfull \hbox (badness 1052) in paragraph at lines 120--123
[]\OT1/cmr/m/sc/12 JUNIT-Team\OT1/cmr/m/n/12 : \OT1/cmr/m/it/12 Ju-nit 5 User G
ui-de\OT1/cmr/m/n/12 .  []$\OT1/cmtt/m/n/12 https : / / docs . junit . org /
 []


Underfull \hbox (badness 5985) in paragraph at lines 130--135
[]\OT1/cmr/m/sc/12 Meta Plat-forms, Inc.\OT1/cmr/m/n/12 : \OT1/cmr/m/it/12 Buil
d a Re-act app from Scratch\OT1/cmr/m/n/12 .
 []


Underfull \hbox (badness 10000) in paragraph at lines 130--135
[]$\OT1/cmtt/m/n/12 https : / / react . dev / learn / build-[]a-[]react-[]app-[
]from-[]scratch #
 []

[66]
Underfull \hbox (badness 10000) in paragraph at lines 148--153
[]\OT1/cmr/m/sc/12 Medium-Team\OT1/cmr/m/n/12 : \OT1/cmr/m/it/12 Stri-pe In-te-
gra-ti-on Using Flut-ter Web
 []


Underfull \hbox (badness 10000) in paragraph at lines 148--153
\OT1/cmr/m/it/12 and Nest-JS\OT1/cmr/m/n/12 .  []$\OT1/cmtt/m/n/12 https : / / 
medium . com / %40akshelar . 18119 /
 []


Overfull \hbox (13.61263pt too wide) in paragraph at lines 148--153
\OT1/cmtt/m/n/12 stripe-[]integration-[]using-[]flutter-[]web-[]and-[]nestjs-[]
4e94ccd33b9f$[]\OT1/cmr/m/n/12 ,
 []


Underfull \hbox (badness 1460) in paragraph at lines 170--175
[]\OT1/cmr/m/sc/12 Okta-Team\OT1/cmr/m/n/12 : \OT1/cmr/m/it/12 What is Ok-ta an
d what does Ok-ta do?  []$\OT1/cmtt/m/n/12 https :
 []


Underfull \hbox (badness 10000) in paragraph at lines 170--175
\OT1/cmtt/m/n/12 / / support . okta . com / help / s / article / what-[]is-[]ok
ta ? language =
 []


Underfull \hbox (badness 10000) in paragraph at lines 187--193
\OT1/cmtt/m/n/12 a-[]step-[]by-[]step-[]guide-[]to-[]implementing-[]react-[]spr
ing-[]boot$[]\OT1/cmr/m/n/12 ,
 []


Underfull \hbox (badness 10000) in paragraph at lines 201--204
[]\OT1/cmr/m/sc/12 Spring-Team\OT1/cmr/m/n/12 : \OT1/cmr/m/it/12 Spring Boot\OT
1/cmr/m/n/12 .  []$\OT1/cmtt/m/n/12 https : / / spring . io / projects /
 []

[67]
Underfull \hbox (badness 10000) in paragraph at lines 206--209
[]\OT1/cmr/m/sc/12 Spring-Team\OT1/cmr/m/n/12 : \OT1/cmr/m/it/12 Spring Boot\OT
1/cmr/m/n/12 .  []$\OT1/cmtt/m/n/12 https : / / spring . io / projects /
 []


Underfull \hbox (badness 4913) in paragraph at lines 221--226
[]\OT1/cmr/m/sc/12 SPRING-Team\OT1/cmr/m/n/12 : \OT1/cmr/m/it/12 Using the @Spr
ing-Boo-tApp-li-ca-ti-on An-no-ta-ti-on\OT1/cmr/m/n/12 .
 []


Underfull \hbox (badness 10000) in paragraph at lines 221--226
[]$\OT1/cmtt/m/n/12 https : / / docs . spring . io / spring-[]boot / docs / 2 .
 0 . x / reference /
 []


Underfull \hbox (badness 10000) in paragraph at lines 221--226
\OT1/cmtt/m/n/12 html / using-[]boot-[]using-[]springbootapplication-[]annotati
on .
 []


Underfull \hbox (badness 1152) in paragraph at lines 233--237
[]\OT1/cmr/m/sc/12 Trier, Stadtb[]ucherei\OT1/cmr/m/n/12 : \OT1/cmr/m/it/12 In-
for-ma-tio-nen f[]ur Sie\OT1/cmr/m/n/12 .  []$\OT1/cmtt/m/n/12 https : / / www 
.
 []

)
No file Documentation.ind.
[68]
\openout2 = `chapters/Systemanforderungen.aux'.

 (./chapters/Systemanforderungen.tex [69



]
Underfull \hbox (badness 4229) in paragraph at lines 68--68
[]|\OT1/cmr/m/n/12 Die An-wen-dung muss grund-le-gen-de Bar-rie-re-frei-heits-a
n-for-de-run-gen
 []


Underfull \hbox (badness 1005) in paragraph at lines 69--69
\OT1/cmr/m/n/12 va-li-dier-te An-fra-gen ver-ar-bei-ten, um die Sta-bi-lit[]at 
des Sys-tems zu
 []


Underfull \hbox (badness 10000) in paragraph at lines 77--77
[]|\OT1/cmr/m/n/12 Das Sys-tem muss si-cher-stel-len, dass nur au-to-ri-sier-te
 Cli-ents
 []


Underfull \hbox (badness 10000) in paragraph at lines 77--77
\OT1/cmr/m/n/12 auf gesch[]utzte End-punk-te wie \OT1/cmtt/m/n/12 /api/books/se
cure/** \OT1/cmr/m/n/12 oder
 []

[70] [71]) [72]
\openout2 = `chapters/Quellcode.aux'.

 (./chapters/Quellcode.tex [73





] [74]) [75]
\openout2 = `chapters/Glossar.aux'.


(./chapters/Glossar.tex
Underfull \hbox (badness 10000) in paragraph at lines 12--12
[]|\OT1/cmr/m/n/12 Hypertext Ap-p-li-ca-ti-on Lan-gua-ge (dt.: Hypertext-
 []


Underfull \hbox (badness 10000) in paragraph at lines 13--13
[]|\OT1/cmr/m/n/12 Hypertext Mar-kup Lan-gua-ge (dt.: Hypertext-
 []


Underfull \hbox (badness 10000) in paragraph at lines 14--14
[]|\OT1/cmr/m/n/12 Hypertext Trans-fer Pro-to-col (dt.: Hypertext-
 []


Underfull \hbox (badness 6094) in paragraph at lines 15--15
[]|\OT1/cmr/m/n/12 Hypertext Trans-fer Pro-to-col Se-cu-re (dt.: Si-che-res
 []


Underfull \hbox (badness 10000) in paragraph at lines 16--16
[]|\OT1/cmr/m/n/12 Hibernate Que-ry Lan-gua-ge (dt.: Hibernate-
 []


Underfull \hbox (badness 10000) in paragraph at lines 19--19
[]|\OT1/cmr/m/n/12 Java Da-ta-ba-se Connec-ti-vi-ty (dt.: Java-
 []


Underfull \hbox (badness 10000) in paragraph at lines 20--20
[]|\OT1/cmr/m/n/12 Java Per-sis-tence API (dt.: Ja-va Persistenz-
 []


Underfull \hbox (badness 10000) in paragraph at lines 21--21
[]|\OT1/cmr/m/n/12 JavaScript Ob-ject No-ta-ti-on (dt.: JavaScript-
 []


Underfull \hbox (badness 10000) in paragraph at lines 24--24
[]|\OT1/cmr/m/n/12 Multi-Factor Au-then-ti-ca-ti-on (dt.: Mehrfaktor-
 []


Underfull \hbox (badness 10000) in paragraph at lines 27--27
[]|\OT1/cmr/m/n/12 Online Pu-blic Ac-cess Ca-ta-logue (dt.: Online-
 []


Underfull \hbox (badness 10000) in paragraph at lines 3--43

 []

[76





]) [77]
\openout2 = `chapters/Eigenstaendigkeitserklaerung.aux'.

 (./chapters/Eigenstaendigkeitserklaerung.tex
Underfull \hbox (badness 10000) in paragraph at lines 8--9

 []


Underfull \hbox (badness 10000) in paragraph at lines 10--11

 []


Underfull \hbox (badness 10000) in paragraph at lines 14--15

 []


Underfull \hbox (badness 10000) in paragraph at lines 18--19

 []


Underfull \hbox (badness 10000) in paragraph at lines 20--21

 []

[78





] [79]
Underfull \hbox (badness 10000) in paragraph at lines 61--61
[]|\OT1/cmr/bx/n/9 Mit wel-cher
 []


Underfull \hbox (badness 10000) in paragraph at lines 61--61
\OT1/cmr/bx/n/9 Ein-ga-be-fra-
 []


Underfull \hbox (badness 10000) in paragraph at lines 61--61
\OT1/cmr/bx/n/9 ge bzw. -
 []


Underfull \hbox (badness 10000) in paragraph at lines 61--61
[]|\OT1/cmr/bx/n/9 An wel-
 []


Underfull \hbox (badness 10000) in paragraph at lines 61--61
\OT1/cmr/bx/n/9 cher Stel-le
 []


Underfull \hbox (badness 10000) in paragraph at lines 61--61
\OT1/cmr/bx/n/9 der Ar-beit
 []


Overfull \hbox (1.49161pt too wide) in paragraph at lines 61--61
[]\OT1/cmr/bx/n/9 ubernommen?| 
 []


Underfull \hbox (badness 10000) in paragraph at lines 61--61
[]|\OT1/cmr/m/n/9 Zusammenfassungen
 []


Underfull \hbox (badness 10000) in paragraph at lines 61--61
\OT1/cmr/m/n/9 und ein-lei-ten-de
 []


Underfull \hbox (badness 10000) in paragraph at lines 61--61
[]|\OT1/cmr/m/n/9 Unterst[]utzung
 []


Underfull \hbox (badness 10000) in paragraph at lines 61--61
\OT1/cmr/m/n/9 beim For-mu-
 []


Underfull \hbox (badness 10000) in paragraph at lines 61--61
\OT1/cmr/m/n/9 lie-ren von
 []


Underfull \hbox (badness 10000) in paragraph at lines 61--61
\OT1/cmr/m/n/9 verst[]andlichen
 []


Underfull \hbox (badness 10000) in paragraph at lines 61--61
\OT1/cmr/m/n/9 Zu-sam-men-fas-
 []


Underfull \hbox (badness 10000) in paragraph at lines 61--61
\OT1/cmr/m/n/9 sun-gen und
 []


Underfull \hbox (badness 10000) in paragraph at lines 61--61
[]|\OT1/cmr/m/n/9 W[]ahrend der
 []


Underfull \hbox (badness 10000) in paragraph at lines 61--61
\OT1/cmr/m/n/9 Er-stel-lung der
 []


Underfull \hbox (badness 10000) in paragraph at lines 61--61
[]|[]\OT1/cmr/m/n/9 Ist es ei-ne
 []


Underfull \hbox (badness 10000) in paragraph at lines 61--61
\OT1/cmr/m/n/9 bes-se-re For-
 []


Underfull \hbox (badness 10000) in paragraph at lines 61--61
\OT1/cmr/m/n/9 mu-lie-rung f[]ur
 []


Underfull \hbox (badness 10000) in paragraph at lines 61--61
\OT1/cmr/m/n/9 die-sen Ab-
 []


Underfull \hbox (badness 10000) in paragraph at lines 61--61
\OT1/cmr/m/n/9 schnitt?\ /
 []


Underfull \hbox (badness 1320) in paragraph at lines 61--61
[]\OT1/cmr/m/n/9 Wie kann ich
 []


Underfull \hbox (badness 10000) in paragraph at lines 61--61
\OT1/cmr/m/n/9 die-se bei-den
 []


Underfull \hbox (badness 10000) in paragraph at lines 61--61
\OT1/cmr/m/n/9 bi-nie-ren?\ /
 []


Underfull \hbox (badness 10000) in paragraph at lines 61--61
[]\OT1/cmr/m/n/9 Wel-che Rei-
 []


Underfull \hbox (badness 10000) in paragraph at lines 61--61
\OT1/cmr/m/n/9 hen-fol-ge der
 []


Underfull \hbox (badness 10000) in paragraph at lines 61--61
\OT1/cmr/m/n/9 Ab-schnit-te ist
 []


Underfull \hbox (badness 10000) in paragraph at lines 61--61
\OT1/cmr/m/n/9 sinn-voll?\ /
 []


Underfull \hbox (badness 10000) in paragraph at lines 61--61
[]\OT1/cmr/m/n/9 Auf wel-chen
 []


Underfull \hbox (badness 10000) in paragraph at lines 61--61
\OT1/cmr/m/n/9 Punkt soll-te
 []


Underfull \hbox (badness 6332) in paragraph at lines 61--61
\OT1/cmr/m/n/9 ich mich hier
 []


Underfull \hbox (badness 3019) in paragraph at lines 61--61
[]|\OT1/cmr/m/n/9 Kapitel \OT1/cmr/m/it/9 Ein-lei-
 []


Underfull \hbox (badness 10000) in paragraph at lines 61--61
\OT1/cmr/m/it/9 tung\OT1/cmr/m/n/9 , Ka-pi-tel
 []


Underfull \hbox (badness 4940) in paragraph at lines 61--61
\OT1/cmr/m/it/9 Ver-wand-te Ar-
 []


Underfull \hbox (badness 5607) in paragraph at lines 61--61
\OT1/cmr/m/it/9 bei-ten\OT1/cmr/m/n/9 , Ka-pi-tel
 []


Underfull \hbox (badness 10000) in paragraph at lines 61--61
\OT1/cmr/m/it/9 An-wen-dungs-
 []


Underfull \hbox (badness 10000) in paragraph at lines 61--61
[]|\OT1/cmr/m/n/9 Hilfe beim
 []


Underfull \hbox (badness 10000) in paragraph at lines 61--61
\OT1/cmr/m/n/9 L[]osen von
 []


Underfull \hbox (badness 10000) in paragraph at lines 61--61
\OT1/cmr/m/n/9 Laufzeit- und
 []


Underfull \hbox (badness 10000) in paragraph at lines 61--61
\OT1/cmr/m/n/9 Exceptions-
 []


Underfull \hbox (badness 10000) in paragraph at lines 61--61
\OT1/cmr/m/n/9 Fehlern so-wie
 []


Underfull \hbox (badness 10000) in paragraph at lines 61--61
\OT1/cmr/m/n/9 In-stal-la-ti-ons-
 []


Underfull \hbox (badness 10000) in paragraph at lines 61--61
[]|\OT1/cmr/m/n/9 W[]ahrend der
 []


Underfull \hbox (badness 10000) in paragraph at lines 61--61
\OT1/cmr/m/n/9 Im-ple-men-
 []


Underfull \hbox (badness 10000) in paragraph at lines 61--61
\OT1/cmr/m/n/9 tie-rung der
 []


Underfull \hbox (badness 1924) in paragraph at lines 61--61
\OT1/cmr/m/n/9 / []Wie in-stal-
 []


Underfull \hbox (badness 10000) in paragraph at lines 61--61
[]|\OT1/cmr/m/n/9 Bei je-dem
 []


Underfull \hbox (badness 10000) in paragraph at lines 61--61
\OT1/cmr/m/n/9 Auf-tre-ten ei-
 []


Underfull \hbox (badness 10000) in paragraph at lines 61--61
\OT1/cmr/m/n/9 nes Feh-lers
 []


Underfull \hbox (badness 10000) in paragraph at lines 61--61
\OT1/cmr/m/n/9 w[]ahrend der
 []


Underfull \hbox (badness 10000) in paragraph at lines 61--61
\OT1/cmr/m/n/9 Im-ple-men-tie-
 []


Underfull \hbox (badness 10000) in paragraph at lines 61--61
[]|\OT1/cmr/m/n/9 Korrektur und
 []


Underfull \hbox (badness 10000) in paragraph at lines 61--61
[]\OT1/cmr/m/n/9 Ubersetzung von
 []


Underfull \hbox (badness 10000) in paragraph at lines 61--61
[]|\OT1/cmr/m/n/9 Verbesserung
 []


Underfull \hbox (badness 10000) in paragraph at lines 61--61
\OT1/cmr/m/n/9 der Les-bar-
 []


Underfull \hbox (badness 10000) in paragraph at lines 61--61
\OT1/cmr/m/n/9 keit und
 []


Underfull \hbox (badness 10000) in paragraph at lines 61--61
[]\OT1/cmr/m/n/9 Ubersetzung
 []


Underfull \hbox (badness 10000) in paragraph at lines 61--61
[]|\OT1/cmr/m/n/9 W[]ahrend der
 []


Underfull \hbox (badness 10000) in paragraph at lines 61--61
\OT1/cmr/m/n/9 Er-stel-lung der
 []


Underfull \hbox (badness 10000) in paragraph at lines 61--61
[]|[]\OT1/cmr/m/n/9 For-mu-lie-re
 []


Underfull \hbox (badness 10000) in paragraph at lines 61--61
\OT1/cmr/m/n/9 die-sen Text
 []


Underfull \hbox (badness 10000) in paragraph at lines 61--61
\OT1/cmr/m/n/9 in kor-rek-tes
 []


Underfull \hbox (badness 10000) in paragraph at lines 61--61
\OT1/cmr/m/n/9 Deutsch\ /
 []


Underfull \hbox (badness 1033) in paragraph at lines 61--61
[][]\OT1/cmr/m/n/9 Ubersetze den
 []


Underfull \hbox (badness 10000) in paragraph at lines 61--61
\OT1/cmr/m/n/9 sinn-gem[]a^^Y ins
 []


Underfull \hbox (badness 10000) in paragraph at lines 61--61
[]|\OT1/cmr/m/n/9 Zusammenfass-
 []


Underfull \hbox (badness 10000) in paragraph at lines 61--61
\OT1/cmr/m/n/9 ungen, Ab-
 []


Underfull \hbox (badness 6141) in paragraph at lines 61--61
\OT1/cmr/m/n/9 stract, Ka-pi-tel
 []


Underfull \hbox (badness 10000) in paragraph at lines 61--61
\OT1/cmr/m/it/9 Grund-la-
 []


Underfull \hbox (badness 10000) in paragraph at lines 61--61
\OT1/cmr/m/it/9 gen\OT1/cmr/m/n/9 , Ka-pi-tel
 []


Underfull \hbox (badness 10000) in paragraph at lines 61--61
\OT1/cmr/m/it/9 Res[]umee und
 []


Underfull \hbox (badness 10000) in paragraph at lines 61--63

 []

) [80] (./Documentation.aux (./chapters/Systemanforderungen.aux)
(./chapters/Quellcode.aux) (./chapters/Glossar.aux)
(./chapters/Eigenstaendigkeitserklaerung.aux))

LaTeX Font Warning: Some font shapes were not available, defaults substituted.

Package rerunfilecheck Info: File `Documentation.out' has not changed.
(rerunfilecheck)             Checksum: 757DAC139D5BB4BFA51E67BAA285F9D8;14794.
 ) 
Here is how much of TeX's memory you used:
 19007 strings out of 478268
 306354 string characters out of 5846348
 1160501 words of memory out of 5000000
 36187 multiletter control sequences out of 15000+600000
 480051 words of font info for 69 fonts, out of 8000000 for 9000
 1146 hyphenation exceptions out of 8191
 60i,11n,63p,1135b,2248s stack positions out of 10000i,1000n,20000p,200000b,200000s
{/usr/local/texlive/2022/texmf-dist/fonts/enc/dvips/cm-super/cm-super-ts1.enc
}</usr/local/texlive/2022/texmf-dist/fonts/type1/public/amsfonts/cm/cmbx12.pfb>
</usr/local/texlive/2022/texmf-dist/fonts/type1/public/amsfonts/cm/cmbx9.pfb></
usr/local/texlive/2022/texmf-dist/fonts/type1/public/amsfonts/cm/cmcsc10.pfb></
usr/local/texlive/2022/texmf-dist/fonts/type1/public/amsfonts/cm/cmmi12.pfb></u
sr/local/texlive/2022/texmf-dist/fonts/type1/public/amsfonts/cm/cmr12.pfb></usr
/local/texlive/2022/texmf-dist/fonts/type1/public/amsfonts/cm/cmr17.pfb></usr/l
ocal/texlive/2022/texmf-dist/fonts/type1/public/amsfonts/cm/cmr6.pfb></usr/loca
l/texlive/2022/texmf-dist/fonts/type1/public/amsfonts/cm/cmr8.pfb></usr/local/t
exlive/2022/texmf-dist/fonts/type1/public/amsfonts/cm/cmr9.pfb></usr/local/texl
ive/2022/texmf-dist/fonts/type1/public/amsfonts/cm/cmsy10.pfb></usr/local/texli
ve/2022/texmf-dist/fonts/type1/public/amsfonts/cm/cmsy9.pfb></usr/local/texlive
/2022/texmf-dist/fonts/type1/public/amsfonts/cm/cmti12.pfb></usr/local/texlive/
2022/texmf-dist/fonts/type1/public/amsfonts/cm/cmti9.pfb></usr/local/texlive/20
22/texmf-dist/fonts/type1/public/amsfonts/cm/cmtt12.pfb></usr/local/texlive/202
2/texmf-dist/fonts/type1/public/amsfonts/cm/cmtt8.pfb></usr/local/texlive/2022/
texmf-dist/fonts/type1/public/amsfonts/cm/cmtt9.pfb></usr/local/texlive/2022/te
xmf-dist/fonts/type1/public/amsfonts/symbols/msam10.pfb></usr/local/texlive/202
2/texmf-dist/fonts/type1/public/cm-super/sfrm1200.pfb></usr/local/texlive/2022/
texmf-dist/fonts/type1/public/cm-super/sftt0800.pfb>
Output written on Documentation.pdf (93 pages, 9654082 bytes).
PDF statistics:
 1868 PDF objects out of 2073 (max. 8388607)
 1672 compressed objects within 17 object streams
 646 named destinations out of 1000 (max. 500000)
 895 words of extra memory for PDF output out of 10000 (max. 10000000)

